<?xml version="1.0" encoding="UTF-8"?>
<testsuite name="main.DummyTest" tests="1" skipped="0" failures="0" errors="0" timestamp="2021-05-04T20:29:15" hostname="IAMYOURUNDEROOS" time="0.031">
  <properties/>
  <testcase name="dummyTest()" classname="main.DummyTest" time="0.031"/>
  <system-out><![CDATA[]]></system-out>
  <system-err><![CDATA[]]></system-err>
</testsuite>
