<?xml version="1.0" encoding="UTF-8"?>
<testsuite name="main.DummyTest" tests="1" skipped="0" failures="0" errors="0" timestamp="2021-05-05T14:01:24" hostname="IAMYOURUNDEROOS" time="0.041">
  <properties/>
  <testcase name="dummyTest()" classname="main.DummyTest" time="0.041"/>
  <system-out><![CDATA[]]></system-out>
  <system-err><![CDATA[]]></system-err>
</testsuite>
